<?xml version="1.0" encoding="UTF-8"?>
<!-- Generated by org.testng.reporters.JUnitXMLReporter -->
<testsuite ignored="0" hostname="DESKTOP-BUR8TDF" failures="0" tests="1" name="Test2" time="0.698" errors="0" timestamp="23 Jul. 2019 09:30:01 GMT">
  <testcase classname="com.nopCommercev2.testCases.BaseClass" name="@BeforeClass setup" time="0.666">
    <failure type="org.openqa.selenium.SessionNotCreatedException" message="session not created: No matching capabilities found
Build info: version: &amp;apos;3.141.59&amp;apos;, revision: &amp;apos;e82be7d358&amp;apos;, time: &amp;apos;2018-11-14T08:17:03&amp;apos;
System info: host: &amp;apos;DESKTOP-BUR8TDF&amp;apos;, ip: &amp;apos;192.168.1.103&amp;apos;, os.name: &amp;apos;Windows 10&amp;apos;, os.arch: &amp;apos;amd64&amp;apos;, os.version: &amp;apos;10.0&amp;apos;, java.version: &amp;apos;12.0.1&amp;apos;
Driver info: driver.version: FirefoxDriver
remote stacktrace: Backtrace:
	Ordinal0 [0x003F7DF3+1474035]
	Ordinal0 [0x003707D1+919505]
	Ordinal0 [0x0030CB43+510787]
	Ordinal0 [0x002C047C+197756]
	Ordinal0 [0x002C08A0+198816]
	Ordinal0 [0x002C069D+198301]
	Ordinal0 [0x002BEECB+192203]
	Ordinal0 [0x002A5FF6+90102]
	Ordinal0 [0x002A765A+95834]
	Ordinal0 [0x002A7554+95572]
	GetHandleVerifier [0x0055231C+1249612]
	GetHandleVerifier [0x004A1575+525221]
	GetHandleVerifier [0x004A1310+524608]
	Ordinal0 [0x00405D28+1531176]
	GetHandleVerifier [0x004A1D4A+527226]
	Ordinal0 [0x003875F6+1013238]
	Ordinal0 [0x0038746F+1012847]
	Ordinal0 [0x0039365B+1062491]
	Ordinal0 [0x0039379F+1062815]
	Ordinal0 [0x00392745+1058629]
	BaseThreadInitThunk [0x76FA8494+36]
	RtlAreBitsSet [0x778E41C8+136]
	RtlAreBitsSet [0x778E4198+88]
">
      <![CDATA[org.openqa.selenium.SessionNotCreatedException: session not created: No matching capabilities found
Build info: version: '3.141.59', revision: 'e82be7d358', time: '2018-11-14T08:17:03'
System info: host: 'DESKTOP-BUR8TDF', ip: '192.168.1.103', os.name: 'Windows 10', os.arch: 'amd64', os.version: '10.0', java.version: '12.0.1'
Driver info: driver.version: FirefoxDriver
remote stacktrace: Backtrace:
Ordinal0 [0x003F7DF3+1474035]
Ordinal0 [0x003707D1+919505]
Ordinal0 [0x0030CB43+510787]
Ordinal0 [0x002C047C+197756]
Ordinal0 [0x002C08A0+198816]
Ordinal0 [0x002C069D+198301]
Ordinal0 [0x002BEECB+192203]
Ordinal0 [0x002A5FF6+90102]
Ordinal0 [0x002A765A+95834]
Ordinal0 [0x002A7554+95572]
GetHandleVerifier [0x0055231C+1249612]
GetHandleVerifier [0x004A1575+525221]
GetHandleVerifier [0x004A1310+524608]
Ordinal0 [0x00405D28+1531176]
GetHandleVerifier [0x004A1D4A+527226]
Ordinal0 [0x003875F6+1013238]
Ordinal0 [0x0038746F+1012847]
Ordinal0 [0x0039365B+1062491]
Ordinal0 [0x0039379F+1062815]
Ordinal0 [0x00392745+1058629]
BaseThreadInitThunk [0x76FA8494+36]
RtlAreBitsSet [0x778E41C8+136]
RtlAreBitsSet [0x778E4198+88]

at org.openqa.selenium.remote.W3CHandshakeResponse.lambda$errorHandler$0(W3CHandshakeResponse.java:62)
at org.openqa.selenium.remote.HandshakeResponse.lambda$getResponseFunction$0(HandshakeResponse.java:30)
at org.openqa.selenium.remote.ProtocolHandshake.lambda$createSession$0(ProtocolHandshake.java:126)
at java.base/java.util.stream.ReferencePipeline$3$1.accept(ReferencePipeline.java:195)
at java.base/java.util.Spliterators$ArraySpliterator.tryAdvance(Spliterators.java:958)
at java.base/java.util.stream.ReferencePipeline.forEachWithCancel(ReferencePipeline.java:127)
at java.base/java.util.stream.AbstractPipeline.copyIntoWithCancel(AbstractPipeline.java:502)
at java.base/java.util.stream.AbstractPipeline.copyInto(AbstractPipeline.java:488)
at java.base/java.util.stream.AbstractPipeline.wrapAndCopyInto(AbstractPipeline.java:474)
at java.base/java.util.stream.FindOps$FindOp.evaluateSequential(FindOps.java:150)
at java.base/java.util.stream.AbstractPipeline.evaluate(AbstractPipeline.java:234)
at java.base/java.util.stream.ReferencePipeline.findFirst(ReferencePipeline.java:543)
at org.openqa.selenium.remote.ProtocolHandshake.createSession(ProtocolHandshake.java:128)
at org.openqa.selenium.remote.ProtocolHandshake.createSession(ProtocolHandshake.java:74)
at org.openqa.selenium.remote.HttpCommandExecutor.execute(HttpCommandExecutor.java:136)
at org.openqa.selenium.remote.service.DriverCommandExecutor.execute(DriverCommandExecutor.java:83)
at org.openqa.selenium.remote.RemoteWebDriver.execute(RemoteWebDriver.java:552)
at org.openqa.selenium.remote.RemoteWebDriver.startSession(RemoteWebDriver.java:213)
at org.openqa.selenium.remote.RemoteWebDriver.<init>(RemoteWebDriver.java:131)
at org.openqa.selenium.firefox.FirefoxDriver.<init>(FirefoxDriver.java:147)
at org.openqa.selenium.firefox.FirefoxDriver.<init>(FirefoxDriver.java:125)
at com.nopCommercev2.testCases.BaseClass.setup(BaseClass.java:40)
... Removed 31 stack frames]]>
    </failure>
  </testcase> <!-- @BeforeClass setup -->
  <testcase classname="com.nopCommercev2.testCases.BaseClass" name="@AfterClass tearDown" time="0.0">
    <skipped/>
  </testcase> <!-- @AfterClass tearDown -->
  <testcase classname="com.nopCommercev2.testCases.TC_LoginTest_001" name="loginTest" time="0.0">
    <skipped/>
  </testcase> <!-- loginTest -->
</testsuite> <!-- Test2 -->
