<?xml version="1.0" encoding="UTF-8"?>
<testng-results ignored="0" total="1" passed="1" failed="0" skipped="0">
  <reporter-output>
  </reporter-output>
  <suite started-at="2019-07-26T03:47:40Z" name="nopCommerce" finished-at="2019-07-26T03:48:04Z" duration-ms="23684">
    <groups>
    </groups>
    <test started-at="2019-07-26T03:47:40Z" name="Test1" finished-at="2019-07-26T03:48:04Z" duration-ms="23684">
      <class name="com.nopCommercev2.testCases.TC_LoginTest_001">
        <test-method is-config="true" signature="setup(java.lang.String)[pri:0, instance:com.nopCommercev2.testCases.TC_LoginTest_001@b3d7190]" started-at="2019-07-26T03:47:41Z" name="setup" finished-at="2019-07-26T03:47:45Z" duration-ms="4106" status="PASS">
          <params>
            <param index="0">
              <value>
                <![CDATA[chrome]]>
              </value>
            </param>
          </params>
          <reporter-output>
          </reporter-output>
        </test-method> <!-- setup -->
        <test-method signature="loginTest()[pri:0, instance:com.nopCommercev2.testCases.TC_LoginTest_001@b3d7190]" started-at="2019-07-26T03:47:45Z" name="loginTest" finished-at="2019-07-26T03:48:04Z" duration-ms="19077" status="PASS">
          <reporter-output>
          </reporter-output>
        </test-method> <!-- loginTest -->
        <test-method is-config="true" signature="tearDown()[pri:0, instance:com.nopCommercev2.testCases.TC_LoginTest_001@b3d7190]" started-at="2019-07-26T03:48:04Z" name="tearDown" finished-at="2019-07-26T03:48:04Z" duration-ms="172" status="PASS">
          <reporter-output>
          </reporter-output>
        </test-method> <!-- tearDown -->
      </class> <!-- com.nopCommercev2.testCases.TC_LoginTest_001 -->
    </test> <!-- Test1 -->
  </suite> <!-- nopCommerce -->
</testng-results>
